error: constant expression depends on a generic parameter
  --> $DIR/too_generic_eval_ice.rs:7:13
   |
LL |         [5; Self::HOST_SIZE] == [6; 0]
   |             ^^^^^^^^^^^^^^^
   |
   = note: this may fail depending on what value the parameter takes

error: constant expression depends on a generic parameter
  --> $DIR/too_generic_eval_ice.rs:7:30
   |
LL |         [5; Self::HOST_SIZE] == [6; 0]
   |                              ^^
   |
   = note: this may fail depending on what value the parameter takes

error[E0277]: can't compare `[{integer}; _]` with `[{integer}; 0]`
  --> $DIR/too_generic_eval_ice.rs:7:30
   |
LL |         [5; Self::HOST_SIZE] == [6; 0]
   |                              ^^ no implementation for `[{integer}; _] == [{integer}; 0]`
   |
   = help: the trait `PartialEq<[{integer}; 0]>` is not implemented for `[{integer}; _]`

error[E0369]: can't compare `[{integer}; _]` with `[{integer}; 0]`
  --> $DIR/too_generic_eval_ice.rs:7:30
   |
LL |         [5; Self::HOST_SIZE] == [6; 0]
   |         -------------------- ^^ ------ [{integer}; 0]
   |         |
   |         [{integer}; _]

error: aborting due to 4 previous errors

Some errors have detailed explanations: E0277, E0369.
For more information about an error, try `rustc --explain E0277`.
