error[E0277]: the trait bound `NotIntoDiagnosticArg: IntoDiagnosticArg` is not satisfied
  --> $DIR/diagnostic-derive-doc-comment-field.rs:29:10
   |
LL | #[derive(Diagnostic)]
   |          ^^^^^^^^^^ the trait `IntoDiagnosticArg` is not implemented for `NotIntoDiagnosticArg`
   |
   = help: the following other types implement trait `IntoDiagnosticArg`:
             &'a T
             &'a std::path::Path
             &'a str
             &rustc_target::spec::TargetTriple
             Box<(dyn std::error::Error + 'static)>
             CString
             CguReuse
             Cow<'a, str>
           and 42 others
note: required by a bound in `DiagnosticBuilder::<'a, G>::set_arg`
  --> $COMPILER_DIR/rustc_errors/src/diagnostic_builder.rs:747:5
   = note: this error originates in the derive macro `Diagnostic` which comes from the expansion of the macro `forward` (in Nightly builds, run with -Z macro-backtrace for more info)

error[E0277]: the trait bound `NotIntoDiagnosticArg: IntoDiagnosticArg` is not satisfied
  --> $DIR/diagnostic-derive-doc-comment-field.rs:39:10
   |
LL | #[derive(Subdiagnostic)]
   |          ^^^^^^^^^^^^^ the trait `IntoDiagnosticArg` is not implemented for `NotIntoDiagnosticArg`
   |
   = help: the following other types implement trait `IntoDiagnosticArg`:
             &'a T
             &'a std::path::Path
             &'a str
             &rustc_target::spec::TargetTriple
             Box<(dyn std::error::Error + 'static)>
             CString
             CguReuse
             Cow<'a, str>
           and 42 others
note: required by a bound in `Diagnostic::set_arg`
  --> $COMPILER_DIR/rustc_errors/src/diagnostic.rs:964:5
   = note: this error originates in the derive macro `Subdiagnostic` (in Nightly builds, run with -Z macro-backtrace for more info)

error: aborting due to 2 previous errors

For more information about this error, try `rustc --explain E0277`.
