error: using `#![feature(effects)]` without enabling next trait solver globally
   |
   = note: the next trait solver must be enabled globally for the effects feature to work correctly
   = help: use `-Znext-solver` to enable

error[E0277]: the trait bound `Param<_>: TyCompat<Trait::{synthetic#0}>` is not satisfied
  --> $DIR/assoc-type-const-bound-usage-0.rs:13:5
   |
LL |     T::Assoc::func()
   |     ^^^^^^^^ the trait `TyCompat<Trait::{synthetic#0}>` is not implemented for `Param<_>`
   |
   = help: the following other types implement trait `TyCompat<T>`:
             `Param<false>` implements `TyCompat<NoRuntime>`
             `Param<true>` implements `TyCompat<Runtime>`
note: required by a bound in `Trait::func`
  --> $DIR/assoc-type-const-bound-usage-0.rs:6:1
   |
LL | #[const_trait]
   | ^^^^^^^^^^^^^^ required by this bound in `Trait::func`
...
LL |     fn func() -> i32;
   |        ---- required by a bound in this associated function

error[E0277]: the trait bound `Param<_>: TyCompat<Trait::{synthetic#0}>` is not satisfied
  --> $DIR/assoc-type-const-bound-usage-0.rs:17:5
   |
LL |     <T as Trait>::Assoc::func()
   |     ^^^^^^^^^^^^^^^^^^^ the trait `TyCompat<Trait::{synthetic#0}>` is not implemented for `Param<_>`
   |
   = help: the following other types implement trait `TyCompat<T>`:
             `Param<false>` implements `TyCompat<NoRuntime>`
             `Param<true>` implements `TyCompat<Runtime>`
note: required by a bound in `Trait::func`
  --> $DIR/assoc-type-const-bound-usage-0.rs:6:1
   |
LL | #[const_trait]
   | ^^^^^^^^^^^^^^ required by this bound in `Trait::func`
...
LL |     fn func() -> i32;
   |        ---- required by a bound in this associated function

error: aborting due to 3 previous errors

For more information about this error, try `rustc --explain E0277`.
