error[E0425]: cannot find function `foo`
  --> $DIR/namespaced-enum-glob-import-no-impls.rs:22:8
   |
LL |     m::foo();
   |        ^^^ not found in module `m`

error[E0425]: cannot find function `bar`
  --> $DIR/namespaced-enum-glob-import-no-impls.rs:24:8
   |
LL |     m::bar();
   |        ^^^ not found in module `m`

error[E0425]: cannot find function `foo`
  --> $DIR/namespaced-enum-glob-import-no-impls.rs:21:5
   |
LL |     foo();
   |     ^^^ not found in this scope

error[E0425]: cannot find function `bar`
  --> $DIR/namespaced-enum-glob-import-no-impls.rs:23:5
   |
LL |     bar();
   |     ^^^ not found in this scope

error: aborting due to 4 previous errors

For more information about this error, try `rustc --explain E0425`.
