error[E0425]: cannot find value `temp` in this scope
  --> $DIR/type-ascription-instead-of-let.rs:5:9
   |
LL |         temp: i32 = fun(5i32);
   |         ^^^^
   |         |
   |         not found in this scope
   |         help: maybe you meant to write an assignment here: `let temp`

error[E0425]: cannot find value `temp` in this scope
  --> $DIR/type-ascription-instead-of-let.rs:8:9
   |
LL |         temp + value + 1
   |         ^^^^ not found in this scope

error[E0070]: invalid left-hand side of assignment
  --> $DIR/type-ascription-instead-of-let.rs:5:19
   |
LL |         temp: i32 = fun(5i32);
   |         --------- ^
   |         |
   |         cannot assign to this expression

error: aborting due to 3 previous errors

Some errors have detailed explanations: E0070, E0425.
For more information about an error, try `rustc --explain E0070`.
